<?xml version="1.0" encoding="UTF-8"?>
<!-- Generated by org.testng.reporters.JUnitReportReporter -->
<testsuite skipped="0" hostname="DESKTOP-3G93UIS" name="test.LoginTest" tests="1" failures="0" timestamp="5 Jan 2023 03:06:04 GMT" time="3.821" errors="0">
  <testcase name="validUserShouldBeAbleToLogin" time="3.821" classname="test.LoginTest"/>
</testsuite> <!-- test.LoginTest -->
