<?xml version="1.0" encoding="UTF-8"?>
<!-- Generated by org.testng.reporters.JUnitReportReporter -->
<testsuite skipped="0" hostname="DESKTOP-3G93UIS" name="test.AddContactTest" tests="1" failures="0" timestamp="6 Jan 2023 03:44:26 GMT" time="5.689" errors="0">
  <testcase name="userShouldBeAbleToAddCustomer" time="5.689" classname="test.AddContactTest"/>
</testsuite> <!-- test.AddContactTest -->
