<?xml version="1.0" encoding="UTF-8"?>
<!-- Generated by org.testng.reporters.JUnitReportReporter -->
<testsuite skipped="0" hostname="DESKTOP-3G93UIS" name="test.LoginTest" tests="1" failures="0" timestamp="05 Jan 2023 02:54:19 GMT" time="5.187" errors="0">
  <testcase name="validUserShouldBeAbleToLogin" time="5.187" classname="test.LoginTest"/>
</testsuite> <!-- test.LoginTest -->
